/home/rex/colcon_ws/src/bot_bestie/install/bot_bestie/lib/python3.10/site-packages/bot_bestie/__init__.py
/home/rex/colcon_ws/src/bot_bestie/install/bot_bestie/lib/python3.10/site-packages/bot_bestie/nodes/navigtion_node.py
/home/rex/colcon_ws/src/bot_bestie/install/bot_bestie/lib/python3.10/site-packages/bot_bestie/nodes/global_controller.py
/home/rex/colcon_ws/src/bot_bestie/install/bot_bestie/lib/python3.10/site-packages/bot_bestie/nodes/__init__.py
/home/rex/colcon_ws/src/bot_bestie/install/bot_bestie/lib/python3.10/site-packages/bot_bestie/__pycache__/__init__.cpython-310.pyc
/home/rex/colcon_ws/src/bot_bestie/install/bot_bestie/lib/python3.10/site-packages/bot_bestie/nodes/__pycache__/navigtion_node.cpython-310.pyc
/home/rex/colcon_ws/src/bot_bestie/install/bot_bestie/lib/python3.10/site-packages/bot_bestie/nodes/__pycache__/global_controller.cpython-310.pyc
/home/rex/colcon_ws/src/bot_bestie/install/bot_bestie/lib/python3.10/site-packages/bot_bestie/nodes/__pycache__/__init__.cpython-310.pyc
/home/rex/colcon_ws/src/bot_bestie/install/bot_bestie/share/ament_index/resource_index/packages/bot_bestie
/home/rex/colcon_ws/src/bot_bestie/install/bot_bestie/share/bot_bestie/package.xml
/home/rex/colcon_ws/src/bot_bestie/install/bot_bestie/share/bot_bestie/launch/global_bringup.py
/home/rex/colcon_ws/src/bot_bestie/install/bot_bestie/share/bot_bestie/launch/global_controller_bringup.py
/home/rex/colcon_ws/src/bot_bestie/install/bot_bestie/share/bot_bestie/launch/nav2_bringup.py
/home/rex/colcon_ws/src/bot_bestie/install/bot_bestie/lib/python3.10/site-packages/bot_bestie-0.0.0-py3.10.egg-info/zip-safe
/home/rex/colcon_ws/src/bot_bestie/install/bot_bestie/lib/python3.10/site-packages/bot_bestie-0.0.0-py3.10.egg-info/entry_points.txt
/home/rex/colcon_ws/src/bot_bestie/install/bot_bestie/lib/python3.10/site-packages/bot_bestie-0.0.0-py3.10.egg-info/dependency_links.txt
/home/rex/colcon_ws/src/bot_bestie/install/bot_bestie/lib/python3.10/site-packages/bot_bestie-0.0.0-py3.10.egg-info/requires.txt
/home/rex/colcon_ws/src/bot_bestie/install/bot_bestie/lib/python3.10/site-packages/bot_bestie-0.0.0-py3.10.egg-info/PKG-INFO
/home/rex/colcon_ws/src/bot_bestie/install/bot_bestie/lib/python3.10/site-packages/bot_bestie-0.0.0-py3.10.egg-info/top_level.txt
/home/rex/colcon_ws/src/bot_bestie/install/bot_bestie/lib/python3.10/site-packages/bot_bestie-0.0.0-py3.10.egg-info/SOURCES.txt
/home/rex/colcon_ws/src/bot_bestie/install/bot_bestie/lib/bot_bestie/global_controller
/home/rex/colcon_ws/src/bot_bestie/install/bot_bestie/lib/bot_bestie/navigation_node
