[0.412s] Invoking command in '/home/rex/colcon_ws/src/bot_bestie': CONDA_PROMPT_MODIFIER=(base) PYTHONPATH=/home/rex/colcon_ws/src/bot_bestie/build/bot_bestie/prefix_override:/usr/lib/python3/dist-packages/colcon_core/task/python/colcon_distutils_commands:/home/rex/colcon_ws/src/bot_bestie/install/bot_bestie/lib/python3.10/site-packages:${PYTHONPATH} /usr/bin/python3 -W ignore:setup.py install is deprecated -W ignore:easy_install command is deprecated setup.py egg_info --egg-base build/bot_bestie build --build-base /home/rex/colcon_ws/src/bot_bestie/build/bot_bestie/build install --record /home/rex/colcon_ws/src/bot_bestie/build/bot_bestie/install.log --single-version-externally-managed install_data
[0.583s] running egg_info
[0.583s] creating build/bot_bestie/bot_bestie.egg-info
[0.584s] writing build/bot_bestie/bot_bestie.egg-info/PKG-INFO
[0.584s] writing dependency_links to build/bot_bestie/bot_bestie.egg-info/dependency_links.txt
[0.584s] writing entry points to build/bot_bestie/bot_bestie.egg-info/entry_points.txt
[0.584s] writing requirements to build/bot_bestie/bot_bestie.egg-info/requires.txt
[0.584s] writing top-level names to build/bot_bestie/bot_bestie.egg-info/top_level.txt
[0.584s] writing manifest file 'build/bot_bestie/bot_bestie.egg-info/SOURCES.txt'
[0.585s] reading manifest file 'build/bot_bestie/bot_bestie.egg-info/SOURCES.txt'
[0.586s] writing manifest file 'build/bot_bestie/bot_bestie.egg-info/SOURCES.txt'
[0.586s] running build
[0.586s] running build_py
[0.586s] creating /home/rex/colcon_ws/src/bot_bestie/build/bot_bestie/build
[0.586s] creating /home/rex/colcon_ws/src/bot_bestie/build/bot_bestie/build/lib
[0.586s] creating /home/rex/colcon_ws/src/bot_bestie/build/bot_bestie/build/lib/bot_bestie
[0.586s] copying bot_bestie/setup.py -> /home/rex/colcon_ws/src/bot_bestie/build/bot_bestie/build/lib/bot_bestie
[0.586s] copying bot_bestie/__init__.py -> /home/rex/colcon_ws/src/bot_bestie/build/bot_bestie/build/lib/bot_bestie
[0.586s] running install
[0.586s] running install_lib
[0.587s] creating /home/rex/colcon_ws/src/bot_bestie/install/bot_bestie/lib/python3.10/site-packages/bot_bestie
[0.587s] copying /home/rex/colcon_ws/src/bot_bestie/build/bot_bestie/build/lib/bot_bestie/setup.py -> /home/rex/colcon_ws/src/bot_bestie/install/bot_bestie/lib/python3.10/site-packages/bot_bestie
[0.587s] copying /home/rex/colcon_ws/src/bot_bestie/build/bot_bestie/build/lib/bot_bestie/__init__.py -> /home/rex/colcon_ws/src/bot_bestie/install/bot_bestie/lib/python3.10/site-packages/bot_bestie
[0.587s] byte-compiling /home/rex/colcon_ws/src/bot_bestie/install/bot_bestie/lib/python3.10/site-packages/bot_bestie/setup.py to setup.cpython-310.pyc
[0.587s] byte-compiling /home/rex/colcon_ws/src/bot_bestie/install/bot_bestie/lib/python3.10/site-packages/bot_bestie/__init__.py to __init__.cpython-310.pyc
[0.587s] running install_data
[0.587s] copying package.xml -> /home/rex/colcon_ws/src/bot_bestie/install/bot_bestie/share/bot_bestie
[0.587s] creating /home/rex/colcon_ws/src/bot_bestie/install/bot_bestie/share/bot_bestie/launch
[0.587s] copying bot_bestie/launch/global_controller_bringup.py -> /home/rex/colcon_ws/src/bot_bestie/install/bot_bestie/share/bot_bestie/launch
[0.587s] copying bot_bestie/launch/nav2_bringup.py -> /home/rex/colcon_ws/src/bot_bestie/install/bot_bestie/share/bot_bestie/launch
[0.588s] copying bot_bestie/launch/global_bringup.py -> /home/rex/colcon_ws/src/bot_bestie/install/bot_bestie/share/bot_bestie/launch
[0.588s] running install_egg_info
[0.588s] Copying build/bot_bestie/bot_bestie.egg-info to /home/rex/colcon_ws/src/bot_bestie/install/bot_bestie/lib/python3.10/site-packages/bot_bestie-0.0.0-py3.10.egg-info
[0.589s] running install_scripts
[0.603s] Installing global_controller script to /home/rex/colcon_ws/src/bot_bestie/install/bot_bestie/bin
[0.603s] Installing navigation_node script to /home/rex/colcon_ws/src/bot_bestie/install/bot_bestie/bin
[0.603s] writing list of installed files to '/home/rex/colcon_ws/src/bot_bestie/build/bot_bestie/install.log'
[0.618s] Invoked command in '/home/rex/colcon_ws/src/bot_bestie' returned '0': CONDA_PROMPT_MODIFIER=(base) PYTHONPATH=/home/rex/colcon_ws/src/bot_bestie/build/bot_bestie/prefix_override:/usr/lib/python3/dist-packages/colcon_core/task/python/colcon_distutils_commands:/home/rex/colcon_ws/src/bot_bestie/install/bot_bestie/lib/python3.10/site-packages:${PYTHONPATH} /usr/bin/python3 -W ignore:setup.py install is deprecated -W ignore:easy_install command is deprecated setup.py egg_info --egg-base build/bot_bestie build --build-base /home/rex/colcon_ws/src/bot_bestie/build/bot_bestie/build install --record /home/rex/colcon_ws/src/bot_bestie/build/bot_bestie/install.log --single-version-externally-managed install_data
