[0.070s] DEBUG:colcon:Command line arguments: ['/usr/bin/colcon', 'build', '--packages-select', 'bot_bestie']
[0.070s] DEBUG:colcon:Parsed command line arguments: Namespace(log_base=None, log_level=None, verb_name='build', build_base='build', install_base='install', merge_install=False, symlink_install=False, test_result_base=None, continue_on_error=False, executor='parallel', parallel_workers=12, event_handlers=None, ignore_user_meta=False, metas=['./colcon.meta'], base_paths=['.'], packages_ignore=None, packages_ignore_regex=None, paths=None, packages_up_to=None, packages_up_to_regex=None, packages_above=None, packages_above_and_dependencies=None, packages_above_depth=None, packages_select_by_dep=None, packages_skip_by_dep=None, packages_skip_up_to=None, packages_select_build_failed=False, packages_skip_build_finished=False, packages_select_test_failures=False, packages_skip_test_passed=False, packages_select=['bot_bestie'], packages_skip=None, packages_select_regex=None, packages_skip_regex=None, packages_start=None, packages_end=None, allow_overriding=[], cmake_args=None, cmake_target=None, cmake_target_skip_unavailable=False, cmake_clean_cache=False, cmake_clean_first=False, cmake_force_configure=False, ament_cmake_args=None, catkin_cmake_args=None, catkin_skip_building_tests=False, mixin_files=None, mixin=None, verb_parser=<colcon_mixin.mixin.mixin_argument.MixinArgumentDecorator object at 0x7d9376507b80>, verb_extension=<colcon_core.verb.build.BuildVerb object at 0x7d93764c53c0>, main=<bound method BuildVerb.main of <colcon_core.verb.build.BuildVerb object at 0x7d93764c53c0>>, mixin_verb=('build',))
[0.174s] Level 1:colcon.colcon_core.package_discovery:discover_packages(colcon_meta) check parameters
[0.174s] Level 1:colcon.colcon_core.package_discovery:discover_packages(recursive) check parameters
[0.174s] Level 1:colcon.colcon_core.package_discovery:discover_packages(ignore) check parameters
[0.174s] Level 1:colcon.colcon_core.package_discovery:discover_packages(path) check parameters
[0.174s] Level 1:colcon.colcon_core.package_discovery:discover_packages(colcon_meta) discover
[0.174s] Level 1:colcon.colcon_core.package_discovery:discover_packages(recursive) discover
[0.174s] INFO:colcon.colcon_core.package_discovery:Crawling recursively for packages in '/home/rex/colcon_ws/src/bot_bestie'
[0.174s] Level 1:colcon.colcon_core.package_identification:_identify(.) by extensions ['ignore', 'ignore_ament_install']
[0.174s] Level 1:colcon.colcon_core.package_identification:_identify(.) by extension 'ignore'
[0.174s] Level 1:colcon.colcon_core.package_identification:_identify(.) by extension 'ignore_ament_install'
[0.174s] Level 1:colcon.colcon_core.package_identification:_identify(.) by extensions ['colcon_pkg']
[0.174s] Level 1:colcon.colcon_core.package_identification:_identify(.) by extension 'colcon_pkg'
[0.174s] Level 1:colcon.colcon_core.package_identification:_identify(.) by extensions ['colcon_meta']
[0.174s] Level 1:colcon.colcon_core.package_identification:_identify(.) by extension 'colcon_meta'
[0.174s] Level 1:colcon.colcon_core.package_identification:_identify(.) by extensions ['ros']
[0.174s] Level 1:colcon.colcon_core.package_identification:_identify(.) by extension 'ros'
[0.189s] DEBUG:colcon.colcon_core.package_identification:Package '.' with type 'ros.ament_python' and name 'bot_bestie'
[0.189s] Level 1:colcon.colcon_core.package_discovery:discover_packages(recursive) using defaults
[0.189s] Level 1:colcon.colcon_core.package_discovery:discover_packages(ignore) discover
[0.189s] Level 1:colcon.colcon_core.package_discovery:discover_packages(ignore) using defaults
[0.189s] Level 1:colcon.colcon_core.package_discovery:discover_packages(path) discover
[0.189s] Level 1:colcon.colcon_core.package_discovery:discover_packages(path) using defaults
[0.202s] Level 1:colcon.colcon_core.package_discovery:discover_packages(prefix_path) check parameters
[0.202s] Level 1:colcon.colcon_core.package_discovery:discover_packages(prefix_path) discover
[0.203s] DEBUG:colcon.colcon_installed_package_information.package_discovery:Found 1 installed packages in /home/rex/colcon_ws/install
[0.203s] DEBUG:colcon.colcon_installed_package_information.package_discovery:Found 1 installed packages in /home/rex/colcon_ws/src/install
[0.204s] DEBUG:colcon.colcon_installed_package_information.package_discovery:Found 15 installed packages in /home/rex/turtlebot3_ws/install
[0.205s] DEBUG:colcon.colcon_installed_package_information.package_discovery:Found 378 installed packages in /opt/ros/humble
[0.206s] Level 1:colcon.colcon_core.package_discovery:discover_packages(prefix_path) using defaults
[0.232s] Level 5:colcon.colcon_core.verb:set package 'bot_bestie' build argument 'cmake_args' from command line to 'None'
[0.233s] Level 5:colcon.colcon_core.verb:set package 'bot_bestie' build argument 'cmake_target' from command line to 'None'
[0.233s] Level 5:colcon.colcon_core.verb:set package 'bot_bestie' build argument 'cmake_target_skip_unavailable' from command line to 'False'
[0.233s] Level 5:colcon.colcon_core.verb:set package 'bot_bestie' build argument 'cmake_clean_cache' from command line to 'False'
[0.233s] Level 5:colcon.colcon_core.verb:set package 'bot_bestie' build argument 'cmake_clean_first' from command line to 'False'
[0.233s] Level 5:colcon.colcon_core.verb:set package 'bot_bestie' build argument 'cmake_force_configure' from command line to 'False'
[0.233s] Level 5:colcon.colcon_core.verb:set package 'bot_bestie' build argument 'ament_cmake_args' from command line to 'None'
[0.233s] Level 5:colcon.colcon_core.verb:set package 'bot_bestie' build argument 'catkin_cmake_args' from command line to 'None'
[0.233s] Level 5:colcon.colcon_core.verb:set package 'bot_bestie' build argument 'catkin_skip_building_tests' from command line to 'False'
[0.233s] DEBUG:colcon.colcon_core.verb:Building package 'bot_bestie' with the following arguments: {'ament_cmake_args': None, 'build_base': '/home/rex/colcon_ws/src/bot_bestie/build/bot_bestie', 'catkin_cmake_args': None, 'catkin_skip_building_tests': False, 'cmake_args': None, 'cmake_clean_cache': False, 'cmake_clean_first': False, 'cmake_force_configure': False, 'cmake_target': None, 'cmake_target_skip_unavailable': False, 'install_base': '/home/rex/colcon_ws/src/bot_bestie/install/bot_bestie', 'merge_install': False, 'path': '/home/rex/colcon_ws/src/bot_bestie', 'symlink_install': False, 'test_result_base': None}
[0.233s] INFO:colcon.colcon_core.executor:Executing jobs using 'parallel' executor
[0.234s] DEBUG:colcon.colcon_parallel_executor.executor.parallel:run_until_complete
[0.234s] INFO:colcon.colcon_ros.task.ament_python.build:Building ROS package in '/home/rex/colcon_ws/src/bot_bestie' with build type 'ament_python'
[0.234s] Level 1:colcon.colcon_core.shell:create_environment_hook('bot_bestie', 'ament_prefix_path')
[0.235s] INFO:colcon.colcon_core.plugin_system:Skipping extension 'colcon_core.shell.bat': Not used on non-Windows systems
[0.235s] INFO:colcon.colcon_core.shell:Creating environment hook '/home/rex/colcon_ws/src/bot_bestie/install/bot_bestie/share/bot_bestie/hook/ament_prefix_path.ps1'
[0.236s] INFO:colcon.colcon_core.shell:Creating environment descriptor '/home/rex/colcon_ws/src/bot_bestie/install/bot_bestie/share/bot_bestie/hook/ament_prefix_path.dsv'
[0.236s] INFO:colcon.colcon_core.shell:Creating environment hook '/home/rex/colcon_ws/src/bot_bestie/install/bot_bestie/share/bot_bestie/hook/ament_prefix_path.sh'
[0.236s] INFO:colcon.colcon_core.shell:Skip shell extension 'powershell' for command environment: Not usable outside of PowerShell
[0.236s] DEBUG:colcon.colcon_core.shell:Skip shell extension 'dsv' for command environment
[0.408s] WARNING:colcon.colcon_ros.task.ament_python.build:Package 'bot_bestie' doesn't explicitly install a marker in the package index (colcon-ros currently does it implicitly but that fallback will be removed in the future)
[0.408s] INFO:colcon.colcon_core.task.python.build:Building Python package in '/home/rex/colcon_ws/src/bot_bestie'
[0.408s] INFO:colcon.colcon_core.shell:Skip shell extension 'powershell' for command environment: Not usable outside of PowerShell
[0.408s] DEBUG:colcon.colcon_core.shell:Skip shell extension 'dsv' for command environment
[0.646s] DEBUG:colcon.colcon_core.event_handler.log_command:Invoking command in '/home/rex/colcon_ws/src/bot_bestie': CONDA_PROMPT_MODIFIER=(base) PYTHONPATH=/home/rex/colcon_ws/src/bot_bestie/build/bot_bestie/prefix_override:/usr/lib/python3/dist-packages/colcon_core/task/python/colcon_distutils_commands:/home/rex/colcon_ws/src/bot_bestie/install/bot_bestie/lib/python3.10/site-packages:${PYTHONPATH} /usr/bin/python3 -W ignore:setup.py install is deprecated -W ignore:easy_install command is deprecated setup.py egg_info --egg-base build/bot_bestie build --build-base /home/rex/colcon_ws/src/bot_bestie/build/bot_bestie/build install --record /home/rex/colcon_ws/src/bot_bestie/build/bot_bestie/install.log --single-version-externally-managed install_data
[0.853s] DEBUG:colcon.colcon_core.event_handler.log_command:Invoked command in '/home/rex/colcon_ws/src/bot_bestie' returned '0': CONDA_PROMPT_MODIFIER=(base) PYTHONPATH=/home/rex/colcon_ws/src/bot_bestie/build/bot_bestie/prefix_override:/usr/lib/python3/dist-packages/colcon_core/task/python/colcon_distutils_commands:/home/rex/colcon_ws/src/bot_bestie/install/bot_bestie/lib/python3.10/site-packages:${PYTHONPATH} /usr/bin/python3 -W ignore:setup.py install is deprecated -W ignore:easy_install command is deprecated setup.py egg_info --egg-base build/bot_bestie build --build-base /home/rex/colcon_ws/src/bot_bestie/build/bot_bestie/build install --record /home/rex/colcon_ws/src/bot_bestie/build/bot_bestie/install.log --single-version-externally-managed install_data
[0.856s] Level 1:colcon.colcon_core.environment:checking '/home/rex/colcon_ws/src/bot_bestie/install/bot_bestie' for CMake module files
[0.856s] Level 1:colcon.colcon_core.environment:checking '/home/rex/colcon_ws/src/bot_bestie/install/bot_bestie' for CMake config files
[0.857s] Level 1:colcon.colcon_core.environment:checking '/home/rex/colcon_ws/src/bot_bestie/install/bot_bestie/lib'
[0.857s] Level 1:colcon.colcon_core.environment:checking '/home/rex/colcon_ws/src/bot_bestie/install/bot_bestie/bin'
[0.857s] Level 1:colcon.colcon_core.shell:create_environment_hook('bot_bestie', 'path')
[0.857s] INFO:colcon.colcon_core.shell:Creating environment hook '/home/rex/colcon_ws/src/bot_bestie/install/bot_bestie/share/bot_bestie/hook/path.ps1'
[0.857s] INFO:colcon.colcon_core.shell:Creating environment descriptor '/home/rex/colcon_ws/src/bot_bestie/install/bot_bestie/share/bot_bestie/hook/path.dsv'
[0.857s] INFO:colcon.colcon_core.shell:Creating environment hook '/home/rex/colcon_ws/src/bot_bestie/install/bot_bestie/share/bot_bestie/hook/path.sh'
[0.858s] Level 1:colcon.colcon_core.environment:checking '/home/rex/colcon_ws/src/bot_bestie/install/bot_bestie/lib/pkgconfig/bot_bestie.pc'
[0.858s] Level 1:colcon.colcon_core.environment:checking '/home/rex/colcon_ws/src/bot_bestie/install/bot_bestie/lib/python3.10/site-packages'
[0.858s] Level 1:colcon.colcon_core.shell:create_environment_hook('bot_bestie', 'pythonpath')
[0.858s] INFO:colcon.colcon_core.shell:Creating environment hook '/home/rex/colcon_ws/src/bot_bestie/install/bot_bestie/share/bot_bestie/hook/pythonpath.ps1'
[0.858s] INFO:colcon.colcon_core.shell:Creating environment descriptor '/home/rex/colcon_ws/src/bot_bestie/install/bot_bestie/share/bot_bestie/hook/pythonpath.dsv'
[0.858s] INFO:colcon.colcon_core.shell:Creating environment hook '/home/rex/colcon_ws/src/bot_bestie/install/bot_bestie/share/bot_bestie/hook/pythonpath.sh'
[0.859s] Level 1:colcon.colcon_core.environment:checking '/home/rex/colcon_ws/src/bot_bestie/install/bot_bestie/bin'
[0.859s] Level 1:colcon.colcon_core.shell:create_environment_hook('bot_bestie', 'pythonscriptspath')
[0.859s] INFO:colcon.colcon_core.shell:Creating environment hook '/home/rex/colcon_ws/src/bot_bestie/install/bot_bestie/share/bot_bestie/hook/pythonscriptspath.ps1'
[0.859s] INFO:colcon.colcon_core.shell:Creating environment descriptor '/home/rex/colcon_ws/src/bot_bestie/install/bot_bestie/share/bot_bestie/hook/pythonscriptspath.dsv'
[0.859s] INFO:colcon.colcon_core.shell:Creating environment hook '/home/rex/colcon_ws/src/bot_bestie/install/bot_bestie/share/bot_bestie/hook/pythonscriptspath.sh'
[0.859s] Level 1:colcon.colcon_core.environment:create_environment_scripts_only(bot_bestie)
[0.860s] INFO:colcon.colcon_core.shell:Creating package script '/home/rex/colcon_ws/src/bot_bestie/install/bot_bestie/share/bot_bestie/package.ps1'
[0.861s] INFO:colcon.colcon_core.shell:Creating package descriptor '/home/rex/colcon_ws/src/bot_bestie/install/bot_bestie/share/bot_bestie/package.dsv'
[0.862s] INFO:colcon.colcon_core.shell:Creating package script '/home/rex/colcon_ws/src/bot_bestie/install/bot_bestie/share/bot_bestie/package.sh'
[0.862s] INFO:colcon.colcon_core.shell:Creating package script '/home/rex/colcon_ws/src/bot_bestie/install/bot_bestie/share/bot_bestie/package.bash'
[0.863s] INFO:colcon.colcon_core.shell:Creating package script '/home/rex/colcon_ws/src/bot_bestie/install/bot_bestie/share/bot_bestie/package.zsh'
[0.863s] Level 1:colcon.colcon_core.environment:create_file_with_runtime_dependencies(/home/rex/colcon_ws/src/bot_bestie/install/bot_bestie/share/colcon-core/packages/bot_bestie)
[0.864s] DEBUG:colcon.colcon_parallel_executor.executor.parallel:closing loop
[0.864s] DEBUG:colcon.colcon_parallel_executor.executor.parallel:loop closed
[0.864s] DEBUG:colcon.colcon_parallel_executor.executor.parallel:run_until_complete finished with '0'
[0.864s] DEBUG:colcon.colcon_core.event_reactor:joining thread
[0.868s] INFO:colcon.colcon_core.plugin_system:Skipping extension 'colcon_notification.desktop_notification.terminal_notifier': Not used on non-Darwin systems
[0.869s] INFO:colcon.colcon_core.plugin_system:Skipping extension 'colcon_notification.desktop_notification.win32': Not used on non-Windows systems
[0.869s] INFO:colcon.colcon_notification.desktop_notification:Sending desktop notification using 'notify2'
[0.878s] DEBUG:colcon.colcon_core.event_reactor:joined thread
[0.879s] INFO:colcon.colcon_core.shell:Creating prefix script '/home/rex/colcon_ws/src/bot_bestie/install/local_setup.ps1'
[0.880s] INFO:colcon.colcon_core.shell:Creating prefix util module '/home/rex/colcon_ws/src/bot_bestie/install/_local_setup_util_ps1.py'
[0.882s] INFO:colcon.colcon_core.shell:Creating prefix chain script '/home/rex/colcon_ws/src/bot_bestie/install/setup.ps1'
[0.885s] INFO:colcon.colcon_core.shell:Creating prefix script '/home/rex/colcon_ws/src/bot_bestie/install/local_setup.sh'
[0.886s] INFO:colcon.colcon_core.shell:Creating prefix util module '/home/rex/colcon_ws/src/bot_bestie/install/_local_setup_util_sh.py'
[0.886s] INFO:colcon.colcon_core.shell:Creating prefix chain script '/home/rex/colcon_ws/src/bot_bestie/install/setup.sh'
[0.888s] INFO:colcon.colcon_core.shell:Creating prefix script '/home/rex/colcon_ws/src/bot_bestie/install/local_setup.bash'
[0.889s] INFO:colcon.colcon_core.shell:Creating prefix chain script '/home/rex/colcon_ws/src/bot_bestie/install/setup.bash'
[0.890s] INFO:colcon.colcon_core.shell:Creating prefix script '/home/rex/colcon_ws/src/bot_bestie/install/local_setup.zsh'
[0.890s] INFO:colcon.colcon_core.shell:Creating prefix chain script '/home/rex/colcon_ws/src/bot_bestie/install/setup.zsh'
