running egg_info
writing build/bot_bestie/bot_bestie.egg-info/PKG-INFO
writing dependency_links to build/bot_bestie/bot_bestie.egg-info/dependency_links.txt
writing entry points to build/bot_bestie/bot_bestie.egg-info/entry_points.txt
writing requirements to build/bot_bestie/bot_bestie.egg-info/requires.txt
writing top-level names to build/bot_bestie/bot_bestie.egg-info/top_level.txt
reading manifest file 'build/bot_bestie/bot_bestie.egg-info/SOURCES.txt'
writing manifest file 'build/bot_bestie/bot_bestie.egg-info/SOURCES.txt'
running build
running build_py
copying bot_bestie/__init__.py -> /home/rex/colcon_ws/src/bot_bestie/build/bot_bestie/build/lib/bot_bestie
creating /home/rex/colcon_ws/src/bot_bestie/build/bot_bestie/build/lib/bot_bestie/nodes
copying bot_bestie/nodes/navigtion_node.py -> /home/rex/colcon_ws/src/bot_bestie/build/bot_bestie/build/lib/bot_bestie/nodes
copying bot_bestie/nodes/global_controller.py -> /home/rex/colcon_ws/src/bot_bestie/build/bot_bestie/build/lib/bot_bestie/nodes
copying bot_bestie/nodes/__init__.py -> /home/rex/colcon_ws/src/bot_bestie/build/bot_bestie/build/lib/bot_bestie/nodes
running install
running install_lib
creating /home/rex/colcon_ws/src/bot_bestie/install/bot_bestie/lib/python3.10/site-packages/bot_bestie/nodes
copying /home/rex/colcon_ws/src/bot_bestie/build/bot_bestie/build/lib/bot_bestie/nodes/navigtion_node.py -> /home/rex/colcon_ws/src/bot_bestie/install/bot_bestie/lib/python3.10/site-packages/bot_bestie/nodes
copying /home/rex/colcon_ws/src/bot_bestie/build/bot_bestie/build/lib/bot_bestie/nodes/global_controller.py -> /home/rex/colcon_ws/src/bot_bestie/install/bot_bestie/lib/python3.10/site-packages/bot_bestie/nodes
copying /home/rex/colcon_ws/src/bot_bestie/build/bot_bestie/build/lib/bot_bestie/nodes/__init__.py -> /home/rex/colcon_ws/src/bot_bestie/install/bot_bestie/lib/python3.10/site-packages/bot_bestie/nodes
copying /home/rex/colcon_ws/src/bot_bestie/build/bot_bestie/build/lib/bot_bestie/__init__.py -> /home/rex/colcon_ws/src/bot_bestie/install/bot_bestie/lib/python3.10/site-packages/bot_bestie
byte-compiling /home/rex/colcon_ws/src/bot_bestie/install/bot_bestie/lib/python3.10/site-packages/bot_bestie/nodes/navigtion_node.py to navigtion_node.cpython-310.pyc
byte-compiling /home/rex/colcon_ws/src/bot_bestie/install/bot_bestie/lib/python3.10/site-packages/bot_bestie/nodes/global_controller.py to global_controller.cpython-310.pyc
byte-compiling /home/rex/colcon_ws/src/bot_bestie/install/bot_bestie/lib/python3.10/site-packages/bot_bestie/nodes/__init__.py to __init__.cpython-310.pyc
byte-compiling /home/rex/colcon_ws/src/bot_bestie/install/bot_bestie/lib/python3.10/site-packages/bot_bestie/__init__.py to __init__.cpython-310.pyc
running install_data
copying resource/bot_bestie -> /home/rex/colcon_ws/src/bot_bestie/install/bot_bestie/share/ament_index/resource_index/packages
copying bot_bestie/launch/global_bringup.py -> /home/rex/colcon_ws/src/bot_bestie/install/bot_bestie/share/bot_bestie/launch
copying bot_bestie/launch/global_controller_bringup.py -> /home/rex/colcon_ws/src/bot_bestie/install/bot_bestie/share/bot_bestie/launch
copying bot_bestie/launch/nav2_bringup.py -> /home/rex/colcon_ws/src/bot_bestie/install/bot_bestie/share/bot_bestie/launch
running install_egg_info
removing '/home/rex/colcon_ws/src/bot_bestie/install/bot_bestie/lib/python3.10/site-packages/bot_bestie-0.0.0-py3.10.egg-info' (and everything under it)
Copying build/bot_bestie/bot_bestie.egg-info to /home/rex/colcon_ws/src/bot_bestie/install/bot_bestie/lib/python3.10/site-packages/bot_bestie-0.0.0-py3.10.egg-info
running install_scripts
Installing global_controller script to /home/rex/colcon_ws/src/bot_bestie/install/bot_bestie/lib/bot_bestie
Installing navigation_node script to /home/rex/colcon_ws/src/bot_bestie/install/bot_bestie/lib/bot_bestie
writing list of installed files to '/home/rex/colcon_ws/src/bot_bestie/build/bot_bestie/install.log'
