[0.508s] Invoking command in '/home/rex/colcon_ws/src/bot_bestie': CONDA_PROMPT_MODIFIER=(base) PYTHONPATH=/home/rex/colcon_ws/src/bot_bestie/build/bot_bestie/prefix_override:/usr/lib/python3/dist-packages/colcon_core/task/python/colcon_distutils_commands:/home/rex/colcon_ws/src/bot_bestie/install/bot_bestie/lib/python3.10/site-packages:${PYTHONPATH} /usr/bin/python3 -W ignore:setup.py install is deprecated -W ignore:easy_install command is deprecated setup.py egg_info --egg-base build/bot_bestie build --build-base /home/rex/colcon_ws/src/bot_bestie/build/bot_bestie/build install --record /home/rex/colcon_ws/src/bot_bestie/build/bot_bestie/install.log --single-version-externally-managed install_data
[0.669s] running egg_info
[0.669s] writing build/bot_bestie/bot_bestie.egg-info/PKG-INFO
[0.669s] writing dependency_links to build/bot_bestie/bot_bestie.egg-info/dependency_links.txt
[0.670s] writing entry points to build/bot_bestie/bot_bestie.egg-info/entry_points.txt
[0.670s] writing requirements to build/bot_bestie/bot_bestie.egg-info/requires.txt
[0.670s] writing top-level names to build/bot_bestie/bot_bestie.egg-info/top_level.txt
[0.670s] reading manifest file 'build/bot_bestie/bot_bestie.egg-info/SOURCES.txt'
[0.672s] writing manifest file 'build/bot_bestie/bot_bestie.egg-info/SOURCES.txt'
[0.672s] running build
[0.672s] running build_py
[0.672s] copying bot_bestie/__init__.py -> /home/rex/colcon_ws/src/bot_bestie/build/bot_bestie/build/lib/bot_bestie
[0.672s] creating /home/rex/colcon_ws/src/bot_bestie/build/bot_bestie/build/lib/bot_bestie/nodes
[0.672s] copying bot_bestie/nodes/navigtion_node.py -> /home/rex/colcon_ws/src/bot_bestie/build/bot_bestie/build/lib/bot_bestie/nodes
[0.672s] copying bot_bestie/nodes/global_controller.py -> /home/rex/colcon_ws/src/bot_bestie/build/bot_bestie/build/lib/bot_bestie/nodes
[0.673s] copying bot_bestie/nodes/__init__.py -> /home/rex/colcon_ws/src/bot_bestie/build/bot_bestie/build/lib/bot_bestie/nodes
[0.673s] running install
[0.673s] running install_lib
[0.673s] creating /home/rex/colcon_ws/src/bot_bestie/install/bot_bestie/lib/python3.10/site-packages/bot_bestie/nodes
[0.673s] copying /home/rex/colcon_ws/src/bot_bestie/build/bot_bestie/build/lib/bot_bestie/nodes/navigtion_node.py -> /home/rex/colcon_ws/src/bot_bestie/install/bot_bestie/lib/python3.10/site-packages/bot_bestie/nodes
[0.673s] copying /home/rex/colcon_ws/src/bot_bestie/build/bot_bestie/build/lib/bot_bestie/nodes/global_controller.py -> /home/rex/colcon_ws/src/bot_bestie/install/bot_bestie/lib/python3.10/site-packages/bot_bestie/nodes
[0.673s] copying /home/rex/colcon_ws/src/bot_bestie/build/bot_bestie/build/lib/bot_bestie/nodes/__init__.py -> /home/rex/colcon_ws/src/bot_bestie/install/bot_bestie/lib/python3.10/site-packages/bot_bestie/nodes
[0.673s] copying /home/rex/colcon_ws/src/bot_bestie/build/bot_bestie/build/lib/bot_bestie/__init__.py -> /home/rex/colcon_ws/src/bot_bestie/install/bot_bestie/lib/python3.10/site-packages/bot_bestie
[0.673s] byte-compiling /home/rex/colcon_ws/src/bot_bestie/install/bot_bestie/lib/python3.10/site-packages/bot_bestie/nodes/navigtion_node.py to navigtion_node.cpython-310.pyc
[0.674s] byte-compiling /home/rex/colcon_ws/src/bot_bestie/install/bot_bestie/lib/python3.10/site-packages/bot_bestie/nodes/global_controller.py to global_controller.cpython-310.pyc
[0.674s] byte-compiling /home/rex/colcon_ws/src/bot_bestie/install/bot_bestie/lib/python3.10/site-packages/bot_bestie/nodes/__init__.py to __init__.cpython-310.pyc
[0.674s] byte-compiling /home/rex/colcon_ws/src/bot_bestie/install/bot_bestie/lib/python3.10/site-packages/bot_bestie/__init__.py to __init__.cpython-310.pyc
[0.674s] running install_data
[0.675s] copying resource/bot_bestie -> /home/rex/colcon_ws/src/bot_bestie/install/bot_bestie/share/ament_index/resource_index/packages
[0.675s] copying bot_bestie/launch/global_bringup.py -> /home/rex/colcon_ws/src/bot_bestie/install/bot_bestie/share/bot_bestie/launch
[0.675s] copying bot_bestie/launch/global_controller_bringup.py -> /home/rex/colcon_ws/src/bot_bestie/install/bot_bestie/share/bot_bestie/launch
[0.675s] copying bot_bestie/launch/nav2_bringup.py -> /home/rex/colcon_ws/src/bot_bestie/install/bot_bestie/share/bot_bestie/launch
[0.675s] running install_egg_info
[0.676s] removing '/home/rex/colcon_ws/src/bot_bestie/install/bot_bestie/lib/python3.10/site-packages/bot_bestie-0.0.0-py3.10.egg-info' (and everything under it)
[0.676s] Copying build/bot_bestie/bot_bestie.egg-info to /home/rex/colcon_ws/src/bot_bestie/install/bot_bestie/lib/python3.10/site-packages/bot_bestie-0.0.0-py3.10.egg-info
[0.677s] running install_scripts
[0.690s] Installing global_controller script to /home/rex/colcon_ws/src/bot_bestie/install/bot_bestie/lib/bot_bestie
[0.691s] Installing navigation_node script to /home/rex/colcon_ws/src/bot_bestie/install/bot_bestie/lib/bot_bestie
[0.691s] writing list of installed files to '/home/rex/colcon_ws/src/bot_bestie/build/bot_bestie/install.log'
[0.705s] Invoked command in '/home/rex/colcon_ws/src/bot_bestie' returned '0': CONDA_PROMPT_MODIFIER=(base) PYTHONPATH=/home/rex/colcon_ws/src/bot_bestie/build/bot_bestie/prefix_override:/usr/lib/python3/dist-packages/colcon_core/task/python/colcon_distutils_commands:/home/rex/colcon_ws/src/bot_bestie/install/bot_bestie/lib/python3.10/site-packages:${PYTHONPATH} /usr/bin/python3 -W ignore:setup.py install is deprecated -W ignore:easy_install command is deprecated setup.py egg_info --egg-base build/bot_bestie build --build-base /home/rex/colcon_ws/src/bot_bestie/build/bot_bestie/build install --record /home/rex/colcon_ws/src/bot_bestie/build/bot_bestie/install.log --single-version-externally-managed install_data
